2023-03-20T06:17:56+00:00 CRITICAL Uncaught Error: Call to a member function enqueue_styles() on null in C:\OpenServer\domains\mysite1\wp-content\plugins\header-footer-elementor\inc\class-header-footer-elementor.php:385
Stack trace:
#0 C:\OpenServer\domains\mysite1\wp-includes\class-wp-hook.php(308): Header_Footer_Elementor->enqueue_scripts()
#1 C:\OpenServer\domains\mysite1\wp-includes\class-wp-hook.php(332): WP_Hook->apply_filters()
#2 C:\OpenServer\domains\mysite1\wp-includes\plugin.php(517): WP_Hook->do_action()
#3 C:\OpenServer\domains\mysite1\wp-includes\script-loader.php(2180): do_action()
#4 C:\OpenServer\domains\mysite1\wp-includes\class-wp-customize-manager.php(455): wp_enqueue_scripts()
#5 C:\OpenServer\domains\mysite1\wp-includes\class-wp-customize-manager.php(552): WP_Customize_Manager->wp_die()
#6 C:\OpenServer\domains\mysite1\wp-includes\class-wp-hook.php(308): WP_Customize_Manager->setup_theme()
#7 C:\OpenServer\domains\mysite1\wp-includes\class-wp-hook.php(332): WP_Hook->apply_filters()
#8 C:\OpenServer\domains\mysite1\wp-incl в C:\OpenServer\domains\mysite1\wp-content\plugins\header-footer-elementor\inc\class-header-footer-elementor.php на строке 385

2023-03-20T06:18:53+00:00 CRITICAL Uncaught Error: Call to a member function enqueue_styles() on null in C:\OpenServer\domains\mysite1\wp-content\plugins\header-footer-elementor\inc\class-header-footer-elementor.php:385
Stack trace:
#0 C:\OpenServer\domains\mysite1\wp-includes\class-wp-hook.php(308): Header_Footer_Elementor->enqueue_scripts()
#1 C:\OpenServer\domains\mysite1\wp-includes\class-wp-hook.php(332): WP_Hook->apply_filters()
#2 C:\OpenServer\domains\mysite1\wp-includes\plugin.php(517): WP_Hook->do_action()
#3 C:\OpenServer\domains\mysite1\wp-includes\script-loader.php(2180): do_action()
#4 C:\OpenServer\domains\mysite1\wp-includes\class-wp-customize-manager.php(455): wp_enqueue_scripts()
#5 C:\OpenServer\domains\mysite1\wp-includes\class-wp-customize-manager.php(552): WP_Customize_Manager->wp_die()
#6 C:\OpenServer\domains\mysite1\wp-includes\class-wp-hook.php(308): WP_Customize_Manager->setup_theme()
#7 C:\OpenServer\domains\mysite1\wp-includes\class-wp-hook.php(332): WP_Hook->apply_filters()
#8 C:\OpenServer\domains\mysite1\wp-incl в C:\OpenServer\domains\mysite1\wp-content\plugins\header-footer-elementor\inc\class-header-footer-elementor.php на строке 385

2023-03-20T06:18:59+00:00 CRITICAL Uncaught Error: Call to a member function enqueue_styles() on null in C:\OpenServer\domains\mysite1\wp-content\plugins\header-footer-elementor\inc\class-header-footer-elementor.php:385
Stack trace:
#0 C:\OpenServer\domains\mysite1\wp-includes\class-wp-hook.php(308): Header_Footer_Elementor->enqueue_scripts()
#1 C:\OpenServer\domains\mysite1\wp-includes\class-wp-hook.php(332): WP_Hook->apply_filters()
#2 C:\OpenServer\domains\mysite1\wp-includes\plugin.php(517): WP_Hook->do_action()
#3 C:\OpenServer\domains\mysite1\wp-includes\script-loader.php(2180): do_action()
#4 C:\OpenServer\domains\mysite1\wp-includes\class-wp-customize-manager.php(455): wp_enqueue_scripts()
#5 C:\OpenServer\domains\mysite1\wp-includes\class-wp-customize-manager.php(552): WP_Customize_Manager->wp_die()
#6 C:\OpenServer\domains\mysite1\wp-includes\class-wp-hook.php(308): WP_Customize_Manager->setup_theme()
#7 C:\OpenServer\domains\mysite1\wp-includes\class-wp-hook.php(332): WP_Hook->apply_filters()
#8 C:\OpenServer\domains\mysite1\wp-incl в C:\OpenServer\domains\mysite1\wp-content\plugins\header-footer-elementor\inc\class-header-footer-elementor.php на строке 385

